Base path: C:/Program Files/Unity 5.0.0b1/Editor/Data
Pipe name: \\.\pipe\UnityShaderCompiler-64bit-1-4856
Cmd: getPlatforms
Cmd: preprocess
  insize=9613 outsize=2432 ok=1
Cmd: compileSnippet
  api=4 type=0 insize=6797 outsize=990 kw= ok=1
Cmd: compileSnippet
  api=4 type=1 insize=6797 outsize=1542 kw= ok=1
Cmd: compileSnippet
  api=4 type=0 insize=6793 outsize=990 kw= ok=1
Cmd: compileSnippet
  api=4 type=1 insize=6793 outsize=2184 kw= ok=1
Cmd: compileSnippet
  api=4 type=0 insize=6793 outsize=990 kw= ok=1
Cmd: compileSnippet
  api=4 type=1 insize=6793 outsize=1469 kw= ok=1
Cmd: compileSnippet
  api=4 type=0 insize=6793 outsize=990 kw= ok=1
Cmd: compileSnippet
  api=4 type=1 insize=6793 outsize=1469 kw= ok=1
Cmd: compileSnippet
  api=4 type=0 insize=6796 outsize=990 kw= ok=1
Cmd: compileSnippet
  api=4 type=1 insize=6796 outsize=1794 kw= ok=1
Cmd: compileSnippet
  api=4 type=0 insize=6796 outsize=990 kw= ok=1
Cmd: compileSnippet
  api=4 type=1 insize=6796 outsize=1469 kw= ok=1
Cmd: compileSnippet
  api=4 type=0 insize=6805 outsize=990 kw= ok=1
Cmd: compileSnippet
  api=4 type=1 insize=6805 outsize=1087 kw= ok=1
Cmd: compileSnippet
  api=4 type=0 insize=6810 outsize=990 kw= ok=1
Cmd: compileSnippet
  api=4 type=1 insize=6810 outsize=1347 kw= ok=1
Cmd: compileSnippet
  api=4 type=0 insize=6803 outsize=990 kw= ok=1
Cmd: compileSnippet
  api=4 type=1 insize=6803 outsize=852 kw= ok=1
Cmd: compileSnippet
  api=4 type=0 insize=6801 outsize=990 kw= ok=1
Cmd: compileSnippet
  api=4 type=1 insize=6801 outsize=1510 kw= ok=1
Cmd: compileSnippet
  api=4 type=0 insize=6808 outsize=990 kw= ok=1
Cmd: compileSnippet
  api=4 type=1 insize=6808 outsize=1591 kw= ok=1
Cmd: preprocess
  insize=11410 outsize=758 ok=1
Cmd: compileSnippet
  api=4 type=0 insize=10822 outsize=990 kw= ok=1
Cmd: compileSnippet
  api=4 type=1 insize=10822 outsize=1672 kw= ok=1
Cmd: compileSnippet
  api=4 type=0 insize=10846 outsize=990 kw= ok=1
Cmd: compileSnippet
  api=4 type=1 insize=10846 outsize=9269 kw= ok=1
Cmd: compileSnippet
  api=4 type=0 insize=10845 outsize=990 kw= ok=1
Cmd: compileSnippet
  api=4 type=1 insize=10845 outsize=9285 kw= ok=1
Cmd: preprocess
  insize=464 outsize=464 ok=1
Cmd: preprocess
  insize=1651 outsize=2193 ok=1
Cmd: compileSnippet
  api=4 type=0 insize=9652 outsize=1298 kw=DIRECTIONAL SHADOWS_OFF LIGHTMAP_OFF DIRLIGHTMAP_OFF DYNAMICLIGHTMAP_OFF ok=1
Cmd: compileSnippet
  api=4 type=1 insize=9652 outsize=3354 kw=DIRECTIONAL SHADOWS_OFF LIGHTMAP_OFF DIRLIGHTMAP_OFF DYNAMICLIGHTMAP_OFF ok=1
Cmd: compileSnippet
  api=4 type=2 insize=9652 outsize=7815 kw=DIRECTIONAL SHADOWS_OFF LIGHTMAP_OFF DIRLIGHTMAP_OFF DYNAMICLIGHTMAP_OFF ok=1
Cmd: compileSnippet
  api=4 type=3 insize=9652 outsize=6344 kw=DIRECTIONAL SHADOWS_OFF LIGHTMAP_OFF DIRLIGHTMAP_OFF DYNAMICLIGHTMAP_OFF ok=1
Cmd: compileSnippet
  api=4 type=0 insize=6608 outsize=1298 kw=POINT ok=1
Cmd: compileSnippet
  api=4 type=1 insize=6608 outsize=3801 kw=POINT ok=1
Cmd: compileSnippet
  api=4 type=2 insize=6608 outsize=7815 kw=POINT ok=1
Cmd: compileSnippet
  api=4 type=3 insize=6608 outsize=5337 kw=POINT ok=1
Cmd: compileSnippet
  api=4 type=0 insize=5985 outsize=1298 kw= ok=1
Cmd: compileSnippet
  api=4 type=1 insize=5985 outsize=1575 kw= ok=1
Cmd: compileSnippet
  api=4 type=2 insize=5985 outsize=7815 kw= ok=1
Cmd: compileSnippet
  api=4 type=3 insize=5985 outsize=4817 kw= ok=1
Cmd: compileSnippet
  api=4 type=0 insize=8673 outsize=1298 kw=LIGHTMAP_OFF DIRLIGHTMAP_OFF DYNAMICLIGHTMAP_OFF HDR_LIGHT_PREPASS_OFF ok=1
Cmd: compileSnippet
  api=4 type=1 insize=8673 outsize=1583 kw=LIGHTMAP_OFF DIRLIGHTMAP_OFF DYNAMICLIGHTMAP_OFF HDR_LIGHT_PREPASS_OFF ok=1
Cmd: compileSnippet
  api=4 type=2 insize=8673 outsize=7815 kw=LIGHTMAP_OFF DIRLIGHTMAP_OFF DYNAMICLIGHTMAP_OFF HDR_LIGHT_PREPASS_OFF ok=1
Cmd: compileSnippet
  api=4 type=3 insize=8673 outsize=4906 kw=LIGHTMAP_OFF DIRLIGHTMAP_OFF DYNAMICLIGHTMAP_OFF HDR_LIGHT_PREPASS_OFF ok=1
Cmd: compileSnippet
  api=4 type=0 insize=9254 outsize=1298 kw=LIGHTMAP_OFF DIRLIGHTMAP_OFF DYNAMICLIGHTMAP_OFF HDR_LIGHT_PREPASS_OFF ok=1
Cmd: compileSnippet
  api=4 type=1 insize=9254 outsize=2428 kw=LIGHTMAP_OFF DIRLIGHTMAP_OFF DYNAMICLIGHTMAP_OFF HDR_LIGHT_PREPASS_OFF ok=1
Cmd: compileSnippet
  api=4 type=2 insize=9254 outsize=7815 kw=LIGHTMAP_OFF DIRLIGHTMAP_OFF DYNAMICLIGHTMAP_OFF HDR_LIGHT_PREPASS_OFF ok=1
Cmd: compileSnippet
  api=4 type=3 insize=9254 outsize=5913 kw=LIGHTMAP_OFF DIRLIGHTMAP_OFF DYNAMICLIGHTMAP_OFF HDR_LIGHT_PREPASS_OFF ok=1
Cmd: compileSnippet
  api=4 type=0 insize=4970 outsize=1298 kw=SHADOWS_DEPTH ok=1
Cmd: compileSnippet
  api=4 type=1 insize=4970 outsize=445 kw=SHADOWS_DEPTH ok=1
Cmd: compileSnippet
  api=4 type=2 insize=4970 outsize=7815 kw=SHADOWS_DEPTH ok=1
Cmd: compileSnippet
  api=4 type=3 insize=4970 outsize=2777 kw=SHADOWS_DEPTH ok=1
Cmd: preprocess
  insize=1297 outsize=487 ok=1
Cmd: compileSnippet
  api=4 type=0 insize=1051 outsize=990 kw= ok=1
Cmd: compileSnippet
  api=4 type=1 insize=1051 outsize=843 kw= ok=1
Cmd: compileSnippet
  api=4 type=0 insize=1050 outsize=990 kw= ok=1
Cmd: compileSnippet
  api=4 type=1 insize=1050 outsize=843 kw= ok=1
Cmd: preprocess
  insize=10024 outsize=963 ok=1
Cmd: compileSnippet
  api=4 type=0 insize=9255 outsize=1908 kw= ok=1
Cmd: compileSnippet
  api=4 type=1 insize=9255 outsize=3094 kw= ok=1
Cmd: compileSnippet
  api=4 type=0 insize=9260 outsize=1997 kw= ok=1
Cmd: compileSnippet
  api=4 type=1 insize=9260 outsize=3297 kw= ok=1
Cmd: compileSnippet
  api=4 type=0 insize=9281 outsize=1339 kw= ok=1
Cmd: compileSnippet
  api=4 type=1 insize=9281 outsize=4963 kw= ok=1
Cmd: compileSnippet
  api=4 type=0 insize=9276 outsize=1339 kw= ok=1
Cmd: compileSnippet
  api=4 type=1 insize=9276 outsize=5223 kw= ok=1
Cmd: compileSnippet
  api=4 type=0 insize=9281 outsize=1477 kw= ok=1
Cmd: compileSnippet
  api=4 type=1 insize=9281 outsize=1502 kw= ok=1
Cmd: preprocess
  insize=1766 outsize=369 ok=1
Cmd: compileSnippet
  api=4 type=0 insize=1698 outsize=1347 kw= ok=1
Cmd: compileSnippet
  api=4 type=1 insize=1698 outsize=1965 kw= ok=1
Cmd: preprocess
  insize=980 outsize=375 ok=1
Cmd: compileSnippet
  api=4 type=0 insize=910 outsize=990 kw= ok=1
Cmd: compileSnippet
  api=4 type=1 insize=910 outsize=1225 kw= ok=1
Cmd: preprocess
  insize=1071 outsize=336 ok=1
Cmd: compileSnippet
  api=4 type=0 insize=1040 outsize=990 kw= ok=1
Cmd: compileSnippet
  api=4 type=1 insize=1040 outsize=957 kw= ok=1
Cmd: preprocess
  insize=4264 outsize=1049 ok=1
Cmd: compileSnippet
  api=4 type=0 insize=3518 outsize=2265 kw=WATER_REFRACTIVE ok=1
Cmd: compileSnippet
  api=4 type=1 insize=3518 outsize=2875 kw=WATER_REFRACTIVE ok=1
Cmd: preprocess
  insize=2062 outsize=510 ok=1
Cmd: compileSnippet
  api=4 type=0 insize=1854 outsize=990 kw= ok=1
Cmd: compileSnippet
  api=4 type=1 insize=1854 outsize=1688 kw= ok=1
Cmd: preprocess
  insize=1366 outsize=431 ok=1
Cmd: compileSnippet
  api=4 type=0 insize=1239 outsize=1339 kw= ok=1
Cmd: compileSnippet
  api=4 type=1 insize=1239 outsize=1526 kw= ok=1
Cmd: preprocess
  insize=3792 outsize=745 ok=1
Cmd: compileSnippet
  api=4 type=0 insize=3271 outsize=990 kw= ok=1
Cmd: compileSnippet
  api=4 type=1 insize=3271 outsize=1339 kw= ok=1
Cmd: compileSnippet
  api=4 type=0 insize=3270 outsize=990 kw= ok=1
Cmd: compileSnippet
  api=4 type=1 insize=3270 outsize=1209 kw= ok=1
Cmd: compileSnippet
  api=4 type=0 insize=3316 outsize=990 kw= ok=1
Cmd: compileSnippet
  api=4 type=1 insize=3316 outsize=2436 kw= ok=1
Cmd: preprocess
  insize=1486 outsize=2137 ok=1
Cmd: compileSnippet
  api=4 type=0 insize=9817 outsize=1298 kw=DIRECTIONAL SHADOWS_OFF LIGHTMAP_OFF DIRLIGHTMAP_OFF DYNAMICLIGHTMAP_OFF ok=1
Cmd: compileSnippet
  api=4 type=1 insize=9817 outsize=3354 kw=DIRECTIONAL SHADOWS_OFF LIGHTMAP_OFF DIRLIGHTMAP_OFF DYNAMICLIGHTMAP_OFF ok=1
Cmd: compileSnippet
  api=4 type=2 insize=9817 outsize=7750 kw=DIRECTIONAL SHADOWS_OFF LIGHTMAP_OFF DIRLIGHTMAP_OFF DYNAMICLIGHTMAP_OFF ok=1
Cmd: compileSnippet
  api=4 type=3 insize=9817 outsize=7311 kw=DIRECTIONAL SHADOWS_OFF LIGHTMAP_OFF DIRLIGHTMAP_OFF DYNAMICLIGHTMAP_OFF ok=1
Cmd: compileSnippet
  api=4 type=0 insize=6773 outsize=1298 kw=POINT ok=1
Cmd: compileSnippet
  api=4 type=1 insize=6773 outsize=3801 kw=POINT ok=1
Cmd: compileSnippet
  api=4 type=2 insize=6773 outsize=7750 kw=POINT ok=1
Cmd: compileSnippet
  api=4 type=3 insize=6773 outsize=6303 kw=POINT ok=1
Cmd: compileSnippet
  api=4 type=0 insize=6150 outsize=1298 kw= ok=1
Cmd: compileSnippet
  api=4 type=1 insize=6150 outsize=1575 kw= ok=1
Cmd: compileSnippet
  api=4 type=2 insize=6150 outsize=7750 kw= ok=1
Cmd: compileSnippet
  api=4 type=3 insize=6150 outsize=5783 kw= ok=1
Cmd: compileSnippet
  api=4 type=0 insize=8838 outsize=1298 kw=LIGHTMAP_OFF DIRLIGHTMAP_OFF DYNAMICLIGHTMAP_OFF HDR_LIGHT_PREPASS_OFF ok=1
Cmd: compileSnippet
  api=4 type=1 insize=8838 outsize=1583 kw=LIGHTMAP_OFF DIRLIGHTMAP_OFF DYNAMICLIGHTMAP_OFF HDR_LIGHT_PREPASS_OFF ok=1
Cmd: compileSnippet
  api=4 type=2 insize=8838 outsize=7750 kw=LIGHTMAP_OFF DIRLIGHTMAP_OFF DYNAMICLIGHTMAP_OFF HDR_LIGHT_PREPASS_OFF ok=1
Cmd: compileSnippet
  api=4 type=3 insize=8838 outsize=5873 kw=LIGHTMAP_OFF DIRLIGHTMAP_OFF DYNAMICLIGHTMAP_OFF HDR_LIGHT_PREPASS_OFF ok=1
Cmd: compileSnippet
  api=4 type=0 insize=9419 outsize=1298 kw=LIGHTMAP_OFF DIRLIGHTMAP_OFF DYNAMICLIGHTMAP_OFF HDR_LIGHT_PREPASS_OFF ok=1
Cmd: compileSnippet
  api=4 type=1 insize=9419 outsize=2428 kw=LIGHTMAP_OFF DIRLIGHTMAP_OFF DYNAMICLIGHTMAP_OFF HDR_LIGHT_PREPASS_OFF ok=1
Cmd: compileSnippet
  api=4 type=2 insize=9419 outsize=7750 kw=LIGHTMAP_OFF DIRLIGHTMAP_OFF DYNAMICLIGHTMAP_OFF HDR_LIGHT_PREPASS_OFF ok=1
Cmd: compileSnippet
  api=4 type=3 insize=9419 outsize=6880 kw=LIGHTMAP_OFF DIRLIGHTMAP_OFF DYNAMICLIGHTMAP_OFF HDR_LIGHT_PREPASS_OFF ok=1
Cmd: compileSnippet
  api=4 type=0 insize=5135 outsize=1298 kw=SHADOWS_DEPTH ok=1
Cmd: compileSnippet
  api=4 type=1 insize=5135 outsize=445 kw=SHADOWS_DEPTH ok=1
Cmd: compileSnippet
  api=4 type=2 insize=5135 outsize=7750 kw=SHADOWS_DEPTH ok=1
Cmd: compileSnippet
  api=4 type=3 insize=5135 outsize=3305 kw=SHADOWS_DEPTH ok=1
Cmd: preprocess
  insize=1303 outsize=429 ok=1
Cmd: compileSnippet
  api=4 type=0 insize=1179 outsize=990 kw= ok=1
Cmd: compileSnippet
  api=4 type=1 insize=1179 outsize=1615 kw= ok=1
Cmd: preprocess
  insize=7094 outsize=844 ok=1
Cmd: compileSnippet
  api=4 type=0 insize=2105 outsize=1209 kw= ok=1
Cmd: compileSnippet
  api=4 type=1 insize=2105 outsize=12235 kw= ok=1
Cmd: compileSnippet
  api=4 type=0 insize=2376 outsize=1209 kw= ok=1
Cmd: compileSnippet
  api=4 type=1 insize=2376 outsize=20132 kw= ok=1
Cmd: compileSnippet
  api=4 type=0 insize=2893 outsize=1209 kw= ok=1
Cmd: compileSnippet
  api=4 type=1 insize=2893 outsize=35927 kw= ok=1
Cmd: compileSnippet
  api=4 type=0 insize=3197 outsize=1071 kw= ok=1
Cmd: compileSnippet
  api=4 type=1 insize=3197 outsize=4012 kw= ok=1
Cmd: compileSnippet
  api=4 type=0 insize=2100 outsize=1103 kw= ok=1
Cmd: compileSnippet
  api=4 type=1 insize=2100 outsize=1095 kw= ok=1
Cmd: preprocess
  insize=1242 outsize=333 ok=1
Cmd: compileSnippet
  api=4 type=0 insize=1214 outsize=1737 kw= ok=1
Cmd: compileSnippet
  api=4 type=1 insize=1214 outsize=1396 kw= ok=1
Cmd: preprocess
  insize=13105 outsize=2697 ok=1
Cmd: compileSnippet
  api=4 type=0 insize=10433 outsize=5377 kw=WATER_REFLECTIVE WATER_VERTEX_DISPLACEMENT_ON WATER_EDGEBLEND_ON ok=1
Cmd: compileSnippet
  api=4 type=1 insize=10433 outsize=6141 kw=WATER_REFLECTIVE WATER_VERTEX_DISPLACEMENT_ON WATER_EDGEBLEND_ON ok=1
Cmd: compileSnippet
  api=4 type=0 insize=10444 outsize=4987 kw=WATER_REFLECTIVE WATER_VERTEX_DISPLACEMENT_ON WATER_EDGEBLEND_ON ok=1
Cmd: compileSnippet
  api=4 type=1 insize=10444 outsize=4727 kw=WATER_REFLECTIVE WATER_VERTEX_DISPLACEMENT_ON WATER_EDGEBLEND_ON ok=1
Cmd: compileSnippet
  api=4 type=0 insize=10194 outsize=1973 kw= ok=1
Cmd: compileSnippet
  api=4 type=1 insize=10194 outsize=3313 kw= ok=1
Cmd: preprocess
  insize=1101 outsize=904 ok=1
Cmd: compileSnippet
  api=4 type=0 insize=5878 outsize=3785 kw=DIRECTIONAL SHADOWS_OFF LIGHTMAP_OFF DIRLIGHTMAP_OFF DYNAMICLIGHTMAP_OFF ok=1
Cmd: compileSnippet
  api=4 type=1 insize=5878 outsize=1550 kw=DIRECTIONAL SHADOWS_OFF LIGHTMAP_OFF DIRLIGHTMAP_OFF DYNAMICLIGHTMAP_OFF ok=1
Cmd: compileSnippet
  api=4 type=0 insize=3021 outsize=2737 kw=POINT ok=1
Cmd: compileSnippet
  api=4 type=1 insize=3021 outsize=2135 kw=POINT ok=1
Cmd: preprocess
  insize=2776 outsize=811 ok=1
Cmd: compileSnippet
  api=4 type=0 insize=2056 outsize=1339 kw= ok=1
Cmd: compileSnippet
  api=4 type=1 insize=2056 outsize=1201 kw= ok=1
Cmd: compileSnippet
  api=4 type=0 insize=2054 outsize=1339 kw= ok=1
Cmd: compileSnippet
  api=4 type=1 insize=2054 outsize=933 kw= ok=1
Cmd: compileSnippet
  api=4 type=0 insize=2067 outsize=1640 kw= ok=1
Cmd: compileSnippet
  api=4 type=1 insize=2067 outsize=1307 kw= ok=1
Cmd: compileSnippet
  api=4 type=0 insize=2065 outsize=1339 kw= ok=1
Cmd: compileSnippet
  api=4 type=1 insize=2065 outsize=852 kw= ok=1
Cmd: preprocess
  insize=1034 outsize=323 ok=1
Cmd: compileSnippet
  api=4 type=0 insize=1016 outsize=990 kw= ok=1
Cmd: compileSnippet
  api=4 type=1 insize=1016 outsize=990 kw= ok=1
Cmd: preprocess
  insize=1450 outsize=406 ok=1
Cmd: compileSnippet
  api=4 type=0 insize=1346 outsize=1453 kw= ok=1
Cmd: compileSnippet
  api=4 type=1 insize=1346 outsize=1437 kw= ok=1
Cmd: preprocess
  insize=1493 outsize=370 ok=1
Cmd: compileSnippet
  api=4 type=0 insize=1429 outsize=1786 kw= ok=1
Cmd: compileSnippet
  api=4 type=1 insize=1429 outsize=965 kw= ok=1
Cmd: preprocess
  insize=1768 outsize=749 ok=1
Cmd: compileSnippet
  api=4 type=0 insize=1325 outsize=1827 kw= ok=1
Cmd: compileSnippet
  api=4 type=1 insize=1325 outsize=1355 kw= ok=1
Cmd: preprocess
  insize=1472 outsize=363 ok=1
Cmd: compileSnippet
  api=4 type=0 insize=1411 outsize=1347 kw= ok=1
Cmd: compileSnippet
  api=4 type=1 insize=1411 outsize=1502 kw= ok=1
Cmd: preprocess
  insize=1345 outsize=347 ok=1
Cmd: compileSnippet
  api=4 type=0 insize=1303 outsize=1298 kw= ok=1
Cmd: compileSnippet
  api=4 type=1 insize=1303 outsize=1428 kw= ok=1
Cmd: preprocess
  insize=2408 outsize=673 ok=1
Cmd: compileSnippet
  api=4 type=0 insize=2041 outsize=1428 kw= ok=1
Cmd: compileSnippet
  api=4 type=1 insize=2041 outsize=2867 kw= ok=1
Cmd: preprocess
  insize=1026 outsize=288 ok=1
Cmd: compileSnippet
  api=4 type=0 insize=1037 outsize=1055 kw= ok=1
Cmd: compileSnippet
  api=4 type=1 insize=1037 outsize=1217 kw= ok=1
Cmd: preprocess
  insize=833 outsize=338 ok=1
Cmd: compileSnippet
  api=4 type=0 insize=797 outsize=990 kw= ok=1
Cmd: compileSnippet
  api=4 type=1 insize=797 outsize=1103 kw= ok=1
Cmd: preprocess
  insize=6770 outsize=1061 ok=1
Cmd: compileSnippet
  api=4 type=0 insize=5657 outsize=1298 kw= ok=1
Cmd: compileSnippet
  api=4 type=1 insize=5657 outsize=876 kw= ok=1
Cmd: compileSnippet
  api=4 type=0 insize=5666 outsize=1583 kw= ok=1
Cmd: compileSnippet
  api=4 type=1 insize=5666 outsize=1518 kw= ok=1
Cmd: compileSnippet
  api=4 type=0 insize=5670 outsize=1396 kw= ok=1
Cmd: compileSnippet
  api=4 type=1 insize=5670 outsize=1518 kw= ok=1
Cmd: compileSnippet
  api=4 type=0 insize=5671 outsize=1396 kw= ok=1
Cmd: compileSnippet
  api=4 type=1 insize=5671 outsize=1518 kw= ok=1
Cmd: compileSnippet
  api=4 type=0 insize=5675 outsize=1753 kw= ok=1
Cmd: compileSnippet
  api=4 type=1 insize=5675 outsize=1786 kw= ok=1
Cmd: compileSnippet
  api=4 type=0 insize=5677 outsize=1753 kw= ok=1
Cmd: compileSnippet
  api=4 type=1 insize=5677 outsize=1786 kw= ok=1
Cmd: preprocess
  insize=33454 outsize=288 ok=1
Cmd: compileSnippet
  api=4 type=0 insize=33468 outsize=990 kw= ok=1
Cmd: compileSnippet
  api=4 type=1 insize=33468 outsize=10748 kw= ok=1
Cmd: preprocess
  insize=1289 outsize=279 ok=1
Cmd: compileSnippet
  api=4 type=0 insize=1312 outsize=1258 kw= ok=1
Cmd: compileSnippet
  api=4 type=1 insize=1312 outsize=1437 kw= ok=1
Cmd: preprocess
  insize=3759 outsize=744 ok=1
Cmd: compileSnippet
  api=4 type=0 insize=3027 outsize=1843 kw= ok=1
Cmd: compileSnippet
  api=4 type=1 insize=3027 outsize=2298 kw= ok=1
Cmd: compileSnippet
  api=4 type=0 insize=3018 outsize=1843 kw= ok=1
Cmd: compileSnippet
  api=4 type=1 insize=3018 outsize=1705 kw= ok=1
Cmd: compileSnippet
  api=4 type=0 insize=3017 outsize=1843 kw= ok=1
Cmd: compileSnippet
  api=4 type=1 insize=3017 outsize=1753 kw= ok=1
Cmd: compileSnippet
  api=4 type=0 insize=3029 outsize=1843 kw= ok=1
Cmd: compileSnippet
  api=4 type=1 insize=3029 outsize=2233 kw= ok=1
Cmd: preprocess
  insize=1050 outsize=267 ok=1
Cmd: compileSnippet
  api=4 type=0 insize=1084 outsize=1534 kw= ok=1
Cmd: compileSnippet
  api=4 type=1 insize=1084 outsize=1144 kw= ok=1
Cmd: preprocess
  insize=5638 outsize=1882 ok=1
Cmd: compileSnippet
  api=4 type=0 insize=3365 outsize=1339 kw= ok=1
Cmd: compileSnippet
  api=4 type=1 insize=3365 outsize=1160 kw= ok=1
Cmd: compileSnippet
  api=4 type=0 insize=3363 outsize=1339 kw= ok=1
Cmd: compileSnippet
  api=4 type=1 insize=3363 outsize=933 kw= ok=1
Cmd: compileSnippet
  api=4 type=0 insize=3379 outsize=1753 kw= ok=1
Cmd: compileSnippet
  api=4 type=1 insize=3379 outsize=1428 kw= ok=1
Cmd: compileSnippet
  api=4 type=0 insize=3371 outsize=1339 kw= ok=1
Cmd: compileSnippet
  api=4 type=1 insize=3371 outsize=852 kw= ok=1
Cmd: compileSnippet
  api=4 type=0 insize=3371 outsize=1339 kw= ok=1
Cmd: compileSnippet
  api=4 type=1 insize=3371 outsize=1160 kw= ok=1
Cmd: compileSnippet
  api=4 type=0 insize=3368 outsize=1339 kw= ok=1
Cmd: compileSnippet
  api=4 type=1 insize=3368 outsize=933 kw= ok=1
Cmd: compileSnippet
  api=4 type=0 insize=3380 outsize=1753 kw= ok=1
Cmd: compileSnippet
  api=4 type=1 insize=3380 outsize=1355 kw= ok=1
Cmd: compileSnippet
  api=4 type=0 insize=3373 outsize=1339 kw= ok=1
Cmd: compileSnippet
  api=4 type=1 insize=3373 outsize=770 kw= ok=1
Cmd: compileSnippet
  api=4 type=0 insize=3366 outsize=1339 kw= ok=1
Cmd: compileSnippet
  api=4 type=1 insize=3366 outsize=559 kw= ok=1
Cmd: compileSnippet
  api=4 type=0 insize=3370 outsize=1339 kw= ok=1
Cmd: compileSnippet
  api=4 type=1 insize=3370 outsize=762 kw= ok=1
Cmd: compileSnippet
  api=4 type=0 insize=3365 outsize=1339 kw= ok=1
Cmd: compileSnippet
  api=4 type=1 insize=3365 outsize=648 kw= ok=1
Cmd: preprocess
  insize=13843 outsize=2161 ok=1
Cmd: compileSnippet
  api=4 type=0 insize=11538 outsize=990 kw= ok=1
Cmd: compileSnippet
  api=4 type=1 insize=11538 outsize=2160 kw= ok=1
Cmd: compileSnippet
  api=4 type=0 insize=11530 outsize=990 kw= ok=1
Cmd: compileSnippet
  api=4 type=1 insize=11530 outsize=843 kw= ok=1
Cmd: compileSnippet
  api=4 type=0 insize=11538 outsize=990 kw= ok=1
Cmd: compileSnippet
  api=4 type=1 insize=11538 outsize=1916 kw= ok=1
Cmd: compileSnippet
  api=4 type=0 insize=11544 outsize=990 kw= ok=1
Cmd: compileSnippet
  api=4 type=1 insize=11544 outsize=3703 kw= ok=1
Cmd: compileSnippet
  api=4 type=0 insize=11554 outsize=990 kw= ok=1
Cmd: compileSnippet
  api=4 type=1 insize=11554 outsize=5881 kw= ok=1
Cmd: compileSnippet
  api=4 type=0 insize=11540 outsize=990 kw= ok=1
Cmd: compileSnippet
  api=4 type=1 insize=11540 outsize=1615 kw= ok=1
Cmd: compileSnippet
  api=4 type=0 insize=11539 outsize=990 kw= ok=1
Cmd: compileSnippet
  api=4 type=1 insize=11539 outsize=3013 kw= ok=1
Cmd: compileSnippet
  api=4 type=0 insize=11545 outsize=990 kw= ok=1
Cmd: compileSnippet
  api=4 type=1 insize=11545 outsize=9277 kw= ok=1
Cmd: preprocess
  insize=1104 outsize=377 ok=1
Cmd: compileSnippet
  api=4 type=0 insize=1031 outsize=990 kw= ok=1
Cmd: compileSnippet
  api=4 type=1 insize=1031 outsize=1038 kw= ok=1
Cmd: preprocess
  insize=12257 outsize=2575 ok=1
Cmd: compileSnippet
  api=4 type=0 insize=9707 outsize=5028 kw=WATER_REFLECTIVE WATER_VERTEX_DISPLACEMENT_ON WATER_EDGEBLEND_ON ok=1
Cmd: compileSnippet
  api=4 type=1 insize=9707 outsize=5247 kw=WATER_REFLECTIVE WATER_VERTEX_DISPLACEMENT_ON WATER_EDGEBLEND_ON ok=1
Cmd: compileSnippet
  api=4 type=0 insize=9718 outsize=4735 kw=WATER_REFLECTIVE WATER_VERTEX_DISPLACEMENT_ON WATER_EDGEBLEND_ON ok=1
Cmd: compileSnippet
  api=4 type=1 insize=9718 outsize=4459 kw=WATER_REFLECTIVE WATER_VERTEX_DISPLACEMENT_ON WATER_EDGEBLEND_ON ok=1
Cmd: compileSnippet
  api=4 type=0 insize=9468 outsize=1932 kw= ok=1
Cmd: compileSnippet
  api=4 type=1 insize=9468 outsize=3313 kw= ok=1
Cmd: preprocess
  insize=6552 outsize=796 ok=1
Cmd: compileSnippet
  api=4 type=0 insize=5513 outsize=1859 kw= ok=1
Cmd: compileSnippet
  api=4 type=1 insize=5513 outsize=4020 kw= ok=1
Cmd: compileSnippet
  api=4 type=0 insize=5522 outsize=1859 kw= ok=1
Cmd: compileSnippet
  api=4 type=1 insize=5522 outsize=3135 kw= ok=1
Cmd: compileSnippet
  api=4 type=0 insize=5516 outsize=1859 kw= ok=1
Cmd: compileSnippet
  api=4 type=1 insize=5516 outsize=3167 kw= ok=1
Cmd: compileSnippet
  api=4 type=0 insize=5527 outsize=1859 kw= ok=1
Cmd: compileSnippet
  api=4 type=1 insize=5527 outsize=2347 kw= ok=1
Cmd: compileSnippet
  api=4 type=0 insize=5522 outsize=1859 kw= ok=1
Cmd: compileSnippet
  api=4 type=1 insize=5522 outsize=1908 kw= ok=1
Cmd: preprocess
  insize=3116 outsize=825 ok=1
Cmd: compileSnippet
  api=4 type=0 insize=2326 outsize=1428 kw= ok=1
Cmd: compileSnippet
  api=4 type=1 insize=2326 outsize=933 kw= ok=1
Cmd: compileSnippet
  api=4 type=0 insize=2328 outsize=1428 kw= ok=1
Cmd: compileSnippet
  api=4 type=1 insize=2328 outsize=1160 kw= ok=1
Cmd: compileSnippet
  api=4 type=0 insize=2330 outsize=1428 kw= ok=1
Cmd: compileSnippet
  api=4 type=1 insize=2330 outsize=973 kw= ok=1
Cmd: compileSnippet
  api=4 type=0 insize=2329 outsize=1428 kw= ok=1
Cmd: compileSnippet
  api=4 type=1 insize=2329 outsize=1973 kw= ok=1
Cmd: compileSnippet
  api=4 type=0 insize=2332 outsize=1428 kw= ok=1
Cmd: compileSnippet
  api=4 type=1 insize=2332 outsize=957 kw= ok=1
Cmd: preprocess
  insize=11541 outsize=2701 ok=1
Cmd: compileSnippet
  api=4 type=0 insize=8868 outsize=1298 kw= ok=1
Cmd: compileSnippet
  api=4 type=1 insize=8868 outsize=4459 kw= ok=1
Cmd: compileSnippet
  api=4 type=0 insize=8874 outsize=1298 kw= ok=1
Cmd: compileSnippet
  api=4 type=1 insize=8874 outsize=2542 kw= ok=1
Cmd: compileSnippet
  api=4 type=0 insize=8873 outsize=1298 kw= ok=1
Cmd: compileSnippet
  api=4 type=1 insize=8873 outsize=876 kw= ok=1
Cmd: compileSnippet
  api=4 type=0 insize=8878 outsize=1298 kw= ok=1
Cmd: compileSnippet
  api=4 type=1 insize=8878 outsize=1729 kw= ok=1
Cmd: compileSnippet
  api=4 type=0 insize=8877 outsize=1298 kw= ok=1
Cmd: compileSnippet
  api=4 type=1 insize=8877 outsize=1331 kw= ok=1
Cmd: preprocess
  insize=2525 outsize=1217 ok=1
Cmd: compileSnippet
  api=4 type=0 insize=1610 outsize=1567 kw= ok=1
Cmd: compileSnippet
  api=4 type=1 insize=1610 outsize=1493 kw= ok=1
Cmd: preprocess
  insize=1041 outsize=464 ok=1
Cmd: compileSnippet
  api=4 type=0 insize=878 outsize=990 kw= ok=1
Cmd: compileSnippet
  api=4 type=1 insize=878 outsize=778 kw= ok=1
Cmd: preprocess
  insize=14386 outsize=2775 ok=1
Cmd: compileSnippet
  api=4 type=0 insize=10594 outsize=990 kw= ok=1
Cmd: compileSnippet
  api=4 type=1 insize=10594 outsize=1177 kw= ok=1
Cmd: compileSnippet
  api=4 type=0 insize=10594 outsize=990 kw= ok=1
Cmd: compileSnippet
  api=4 type=1 insize=10594 outsize=1615 kw= ok=1
Cmd: compileSnippet
  api=4 type=0 insize=10594 outsize=990 kw= ok=1
Cmd: compileSnippet
  api=4 type=1 insize=10594 outsize=1688 kw= ok=1
Cmd: compileSnippet
  api=4 type=0 insize=10577 outsize=990 kw= ok=1
Cmd: compileSnippet
  api=4 type=1 insize=10577 outsize=1209 kw= ok=1
Cmd: compileSnippet
  api=4 type=0 insize=10596 outsize=990 kw= ok=1
Cmd: compileSnippet
  api=4 type=1 insize=10596 outsize=1339 kw= ok=1
Cmd: compileSnippet
  api=4 type=0 insize=10577 outsize=990 kw= ok=1
Cmd: compileSnippet
  api=4 type=1 insize=10577 outsize=1607 kw= ok=1
Cmd: compileSnippet
  api=4 type=0 insize=10622 outsize=1347 kw= ok=1
Cmd: compileSnippet
  api=4 type=1 insize=10622 outsize=1851 kw= ok=1
Cmd: compileSnippet
  api=4 type=0 insize=10576 outsize=990 kw= ok=1
Cmd: compileSnippet
  api=4 type=1 insize=10576 outsize=510 kw= ok=1
Cmd: compileSnippet
  api=4 type=0 insize=10580 outsize=990 kw= ok=1
Cmd: compileSnippet
  api=4 type=1 insize=10580 outsize=600 kw= ok=1
Cmd: compileSnippet
  api=4 type=0 insize=10602 outsize=2160 kw= ok=1
Cmd: compileSnippet
  api=4 type=1 insize=10602 outsize=2923 kw= ok=1
Cmd: compileSnippet
  api=4 type=0 insize=10596 outsize=2160 kw= ok=1
Cmd: compileSnippet
  api=4 type=1 insize=10596 outsize=3086 kw= ok=1
Cmd: compileSnippet
  api=4 type=0 insize=10602 outsize=2160 kw= ok=1
Cmd: compileSnippet
  api=4 type=1 insize=10602 outsize=2923 kw= ok=1
Cmd: preprocess
  insize=2058 outsize=516 ok=1
Cmd: compileSnippet
  api=4 type=0 insize=1813 outsize=990 kw= ok=1
Cmd: compileSnippet
  api=4 type=1 insize=1813 outsize=1599 kw= ok=1
Cmd: compileSnippet
  api=4 type=0 insize=1826 outsize=990 kw= ok=1
Cmd: compileSnippet
  api=4 type=1 insize=1826 outsize=1550 kw= ok=1
Cmd: preprocess
  insize=1654 outsize=1035 ok=1
Cmd: compileSnippet
  api=4 type=0 insize=898 outsize=1599 kw= ok=1
Cmd: compileSnippet
  api=4 type=1 insize=898 outsize=502 kw= ok=1
Cmd: preprocess
  insize=1771 outsize=320 ok=1
Cmd: compileSnippet
  api=4 type=0 insize=1756 outsize=1737 kw= ok=1
Cmd: compileSnippet
  api=4 type=1 insize=1756 outsize=2355 kw= ok=1
Cmd: preprocess
  insize=1246 outsize=422 ok=1
Cmd: compileSnippet
  api=4 type=0 insize=1125 outsize=1583 kw= ok=1
Cmd: compileSnippet
  api=4 type=1 insize=1125 outsize=1152 kw= ok=1
Cmd: preprocess
  insize=1207 outsize=411 ok=1
Cmd: compileSnippet
  api=4 type=0 insize=1098 outsize=1583 kw= ok=1
Cmd: compileSnippet
  api=4 type=1 insize=1098 outsize=1152 kw= ok=1
Cmd: preprocess
  insize=26608 outsize=4968 ok=1
Cmd: compileSnippet
  api=4 type=0 insize=19837 outsize=1298 kw= ok=1
Cmd: compileSnippet
  api=4 type=1 insize=19837 outsize=1420 kw= ok=1
Cmd: compileSnippet
  api=4 type=0 insize=19844 outsize=2095 kw= ok=1
Cmd: compileSnippet
  api=4 type=1 insize=19844 outsize=3915 kw= ok=1
Cmd: compileSnippet
  api=4 type=0 insize=19848 outsize=2095 kw= ok=1
Cmd: compileSnippet
  api=4 type=1 insize=19848 outsize=7571 kw= ok=1
Cmd: compileSnippet
  api=4 type=0 insize=19827 outsize=1298 kw= ok=1
Cmd: compileSnippet
  api=4 type=1 insize=19827 outsize=648 kw= ok=1
Cmd: compileSnippet
  api=4 type=0 insize=19843 outsize=1298 kw= ok=1
Cmd: compileSnippet
  api=4 type=1 insize=19843 outsize=1412 kw= ok=1
Cmd: compileSnippet
  api=4 type=0 insize=19830 outsize=1298 kw= ok=1
Cmd: compileSnippet
  api=4 type=1 insize=19830 outsize=2558 kw= ok=1
Cmd: compileSnippet
  api=4 type=0 insize=19841 outsize=1298 kw= ok=1
Cmd: compileSnippet
  api=4 type=1 insize=19841 outsize=2095 kw= ok=1
Cmd: compileSnippet
  api=4 type=0 insize=19837 outsize=1298 kw= ok=1
Cmd: compileSnippet
  api=4 type=1 insize=19837 outsize=827 kw= ok=1
Cmd: compileSnippet
  api=4 type=0 insize=19847 outsize=1298 kw= ok=1
Cmd: compileSnippet
  api=4 type=1 insize=19847 outsize=1485 kw= ok=1
Cmd: compileSnippet
  api=4 type=0 insize=19840 outsize=1298 kw= ok=1
Cmd: compileSnippet
  api=4 type=1 insize=19840 outsize=1217 kw= ok=1
Cmd: compileSnippet
  api=4 type=0 insize=19847 outsize=1298 kw= ok=1
Cmd: compileSnippet
  api=4 type=1 insize=19847 outsize=1802 kw= ok=1
Cmd: compileSnippet
  api=4 type=0 insize=19835 outsize=1298 kw= ok=1
Cmd: compileSnippet
  api=4 type=1 insize=19835 outsize=3086 kw= ok=1
Cmd: compileSnippet
  api=4 type=0 insize=19844 outsize=1298 kw= ok=1
Cmd: compileSnippet
  api=4 type=1 insize=19844 outsize=3484 kw= ok=1
Cmd: compileSnippet
  api=4 type=0 insize=19831 outsize=1298 kw= ok=1
Cmd: compileSnippet
  api=4 type=1 insize=19831 outsize=1542 kw= ok=1
Cmd: compileSnippet
  api=4 type=0 insize=19845 outsize=1298 kw= ok=1
Cmd: compileSnippet
  api=4 type=1 insize=19845 outsize=1030 kw= ok=1
Cmd: compileSnippet
  api=4 type=0 insize=19836 outsize=1298 kw= ok=1
Cmd: compileSnippet
  api=4 type=1 insize=19836 outsize=1388 kw= ok=1
Cmd: compileSnippet
  api=4 type=0 insize=19827 outsize=1298 kw= ok=1
Cmd: compileSnippet
  api=4 type=1 insize=19827 outsize=843 kw= ok=1
Cmd: compileSnippet
  api=4 type=0 insize=19836 outsize=1298 kw= ok=1
Cmd: compileSnippet
  api=4 type=1 insize=19836 outsize=3842 kw= ok=1
Cmd: compileSnippet
  api=4 type=0 insize=19845 outsize=1298 kw= ok=1
Cmd: compileSnippet
  api=4 type=1 insize=19845 outsize=3744 kw= ok=1
Cmd: compileSnippet
  api=4 type=0 insize=19854 outsize=2095 kw= ok=1
Cmd: compileSnippet
  api=4 type=1 insize=19854 outsize=4654 kw= ok=1
Cmd: compileSnippet
  api=4 type=0 insize=19833 outsize=1298 kw= ok=1
Cmd: compileSnippet
  api=4 type=1 insize=19833 outsize=762 kw= ok=1
Cmd: compileSnippet
  api=4 type=0 insize=19835 outsize=1298 kw= ok=1
Cmd: compileSnippet
  api=4 type=1 insize=19835 outsize=2558 kw= ok=1
Cmd: compileSnippet
  api=4 type=0 insize=19851 outsize=1298 kw= ok=1
Cmd: compileSnippet
  api=4 type=1 insize=19851 outsize=648 kw= ok=1
Cmd: preprocess
  insize=4278 outsize=585 ok=1
Cmd: compileSnippet
  api=4 type=0 insize=3881 outsize=1737 kw= ok=1
Cmd: compileSnippet
  api=4 type=1 insize=3881 outsize=2932 kw= ok=1
Cmd: compileSnippet
  api=4 type=0 insize=3894 outsize=1737 kw= ok=1
Cmd: compileSnippet
  api=4 type=1 insize=3894 outsize=1778 kw= ok=1
Cmd: compileSnippet
  api=4 type=0 insize=3885 outsize=1737 kw= ok=1
Cmd: compileSnippet
  api=4 type=1 insize=3885 outsize=2038 kw= ok=1
Cmd: preprocess
  insize=1322 outsize=314 ok=1
Cmd: compileSnippet
  api=4 type=0 insize=1310 outsize=1908 kw= ok=1
Cmd: compileSnippet
  api=4 type=1 insize=1310 outsize=1583 kw= ok=1
Cmd: preprocess
  insize=1830 outsize=317 ok=1
Cmd: compileSnippet
  api=4 type=0 insize=1815 outsize=1713 kw= ok=1
Cmd: compileSnippet
  api=4 type=1 insize=1815 outsize=3248 kw= ok=1
Cmd: preprocess
  insize=1095 outsize=373 ok=1
Cmd: compileSnippet
  api=4 type=0 insize=1024 outsize=990 kw= ok=1
Cmd: compileSnippet
  api=4 type=1 insize=1024 outsize=1282 kw= ok=1
Cmd: preprocess
  insize=1210 outsize=487 ok=1
Cmd: compileSnippet
  api=4 type=0 insize=994 outsize=990 kw= ok=1
Cmd: compileSnippet
  api=4 type=1 insize=994 outsize=949 kw= ok=1
Cmd: compileSnippet
  api=4 type=0 insize=1000 outsize=990 kw= ok=1
Cmd: compileSnippet
  api=4 type=1 insize=1000 outsize=1006 kw= ok=1
Cmd: preprocess
  insize=781 outsize=284 ok=1
Cmd: compileSnippet
  api=4 type=0 insize=797 outsize=990 kw= ok=1
Cmd: compileSnippet
  api=4 type=1 insize=797 outsize=819 kw= ok=1
Cmd: preprocess
  insize=6110 outsize=912 ok=1
Cmd: compileSnippet
  api=4 type=0 insize=5135 outsize=1558 kw= ok=1
Cmd: compileSnippet
  api=4 type=1 insize=5135 outsize=2135 kw= ok=1
Cmd: compileSnippet
  api=4 type=0 insize=5138 outsize=1558 kw= ok=1
Cmd: compileSnippet
  api=4 type=1 insize=5138 outsize=1640 kw= ok=1
Cmd: compileSnippet
  api=4 type=0 insize=5142 outsize=1558 kw= ok=1
Cmd: compileSnippet
  api=4 type=1 insize=5142 outsize=1802 kw= ok=1
Cmd: compileSnippet
  api=4 type=0 insize=5151 outsize=990 kw= ok=1
Cmd: compileSnippet
  api=4 type=1 insize=5151 outsize=1038 kw= ok=1
Cmd: compileSnippet
  api=4 type=0 insize=5132 outsize=1558 kw= ok=1
Cmd: compileSnippet
  api=4 type=1 insize=5132 outsize=2135 kw= ok=1
Cmd: preprocess
  insize=5875 outsize=801 ok=1
Cmd: compileSnippet
  api=4 type=0 insize=4841 outsize=990 kw= ok=1
Cmd: compileSnippet
  api=4 type=1 insize=4841 outsize=811 kw= ok=1
Cmd: compileSnippet
  api=4 type=0 insize=4846 outsize=2135 kw= ok=1
Cmd: compileSnippet
  api=4 type=1 insize=4846 outsize=1835 kw= ok=1
Cmd: compileSnippet
  api=4 type=0 insize=4856 outsize=2143 kw= ok=1
Cmd: compileSnippet
  api=4 type=1 insize=4856 outsize=2395 kw= ok=1
Cmd: compileSnippet
  api=4 type=0 insize=4851 outsize=2143 kw= ok=1
Cmd: compileSnippet
  api=4 type=1 insize=4851 outsize=2030 kw= ok=1
Cmd: compileSnippet
  api=4 type=0 insize=4857 outsize=1737 kw= ok=1
Cmd: compileSnippet
  api=4 type=1 insize=4857 outsize=2355 kw= ok=1
Cmd: preprocess
  insize=626 outsize=382 ok=1
Cmd: compileSnippet
  api=4 type=0 insize=546 outsize=990 kw= ok=1
Cmd: compileSnippet
  api=4 type=1 insize=546 outsize=868 kw= ok=1
Cmd: preprocess
  insize=7079 outsize=975 ok=1
Cmd: compileSnippet
  api=4 type=0 insize=5852 outsize=1298 kw= ok=1
Cmd: compileSnippet
  api=4 type=1 insize=5852 outsize=795 kw= ok=1
Cmd: compileSnippet
  api=4 type=0 insize=5852 outsize=1298 kw= ok=1
Cmd: compileSnippet
  api=4 type=1 insize=5852 outsize=892 kw= ok=1
Cmd: compileSnippet
  api=4 type=0 insize=5846 outsize=1298 kw= ok=1
Cmd: compileSnippet
  api=4 type=1 insize=5846 outsize=2623 kw= ok=1
Cmd: compileSnippet
  api=4 type=0 insize=5845 outsize=1298 kw= ok=1
Cmd: compileSnippet
  api=4 type=1 insize=5845 outsize=2777 kw= ok=1
Cmd: compileSnippet
  api=4 type=0 insize=5848 outsize=1298 kw= ok=1
Cmd: compileSnippet
  api=4 type=1 insize=5848 outsize=2891 kw= ok=1
Cmd: compileSnippet
  api=4 type=0 insize=5848 outsize=1298 kw= ok=1
Cmd: compileSnippet
  api=4 type=1 insize=5848 outsize=2948 kw= ok=1
Cmd: compileSnippet
  api=4 type=0 insize=5850 outsize=1298 kw= ok=1
Cmd: compileSnippet
  api=4 type=1 insize=5850 outsize=998 kw= ok=1
Cmd: preprocess
  insize=33463 outsize=287 ok=1
Cmd: compileSnippet
  api=4 type=0 insize=33477 outsize=990 kw= ok=1
Cmd: compileSnippet
  api=4 type=1 insize=33477 outsize=10683 kw= ok=1
Cmd: preprocess
  insize=5406 outsize=1789 ok=1
Cmd: compileSnippet
  api=4 type=0 insize=3921 outsize=1753 kw= ok=1
Cmd: compileSnippet
  api=4 type=1 insize=3921 outsize=4557 kw= ok=1
Cmd: preprocess
  insize=6980 outsize=270 ok=1
Cmd: compileSnippet
  api=4 type=0 insize=7011 outsize=1380 kw= ok=1
Cmd: compileSnippet
  api=4 type=1 insize=7011 outsize=4418 kw= ok=1
Cmd: preprocess
  insize=4556 outsize=587 ok=1
Cmd: compileSnippet
  api=4 type=0 insize=4238 outsize=2200 kw= ok=1
Cmd: compileSnippet
  api=4 type=1 insize=4238 outsize=4297 kw= ok=1
Cmd: compileSnippet
  api=4 type=0 insize=4244 outsize=2200 kw= ok=1
Cmd: compileSnippet
  api=4 type=1 insize=4244 outsize=3362 kw= ok=1
Cmd: preprocess
  insize=5262 outsize=1066 ok=1
Cmd: compileSnippet
  api=4 type=0 insize=4157 outsize=1298 kw= ok=1
Cmd: compileSnippet
  api=4 type=1 insize=4157 outsize=1201 kw= ok=1
Cmd: compileSnippet
  api=4 type=0 insize=4165 outsize=1233 kw= ok=1
Cmd: compileSnippet
  api=4 type=1 insize=4165 outsize=1185 kw= ok=1
Cmd: compileSnippet
  api=4 type=0 insize=4163 outsize=1298 kw= ok=1
Cmd: compileSnippet
  api=4 type=1 insize=4163 outsize=1705 kw= ok=1
Cmd: compileSnippet
  api=4 type=0 insize=4165 outsize=1298 kw= ok=1
Cmd: compileSnippet
  api=4 type=1 insize=4165 outsize=1656 kw= ok=1
Cmd: compileSnippet
  api=4 type=0 insize=4155 outsize=1298 kw= ok=1
Cmd: compileSnippet
  api=4 type=1 insize=4155 outsize=973 kw= ok=1
Cmd: preprocess
  insize=1574 outsize=702 ok=1
Cmd: compileSnippet
  api=4 type=0 insize=1174 outsize=1461 kw= ok=1
Cmd: compileSnippet
  api=4 type=1 insize=1174 outsize=1071 kw= ok=1
Cmd: preprocess
  insize=6023 outsize=1333 ok=1
Cmd: compileSnippet
  api=4 type=0 insize=4411 outsize=1428 kw= ok=1
Cmd: compileSnippet
  api=4 type=1 insize=4411 outsize=2509 kw= ok=1
Cmd: compileSnippet
  api=4 type=0 insize=3455 outsize=1185 kw= ok=1
Cmd: compileSnippet
  api=4 type=1 insize=3455 outsize=1656 kw= ok=1
Cmd: compileSnippet
  api=4 type=4 insize=3455 outsize=3590 kw= ok=1
Cmd: compileSnippet
  api=4 type=0 insize=3455 outsize=1185 kw= ok=1
Cmd: compileSnippet
  api=4 type=1 insize=3455 outsize=1656 kw= ok=1
Cmd: compileSnippet
  api=4 type=4 insize=3455 outsize=3590 kw= ok=1
Cmd: preprocess
  insize=840 outsize=323 ok=1
Cmd: compileSnippet
  api=4 type=0 insize=819 outsize=990 kw= ok=1
Cmd: compileSnippet
  api=4 type=1 insize=819 outsize=657 kw= ok=1
Cmd: preprocess
  insize=762 outsize=333 ok=1
Cmd: compileSnippet
  api=4 type=0 insize=729 outsize=990 kw= ok=1
Cmd: compileSnippet
  api=4 type=1 insize=729 outsize=1047 kw= ok=1
Cmd: preprocess
  insize=4098 outsize=684 ok=1
Cmd: compileSnippet
  api=4 type=0 insize=3439 outsize=990 kw= ok=1
Cmd: compileSnippet
  api=4 type=1 insize=3439 outsize=1258 kw= ok=1
Cmd: compileSnippet
  api=4 type=0 insize=3447 outsize=2135 kw= ok=1
Cmd: compileSnippet
  api=4 type=1 insize=3447 outsize=1835 kw= ok=1
Cmd: compileSnippet
  api=4 type=0 insize=3456 outsize=2119 kw= ok=1
Cmd: compileSnippet
  api=4 type=1 insize=3456 outsize=2192 kw= ok=1
Cmd: compileSnippet
  api=4 type=0 insize=3451 outsize=2119 kw= ok=1
Cmd: compileSnippet
  api=4 type=1 insize=3451 outsize=2030 kw= ok=1
Cmd: preprocess
  insize=933 outsize=319 ok=1
Cmd: compileSnippet
  api=4 type=0 insize=919 outsize=990 kw= ok=1
Cmd: compileSnippet
  api=4 type=1 insize=919 outsize=1087 kw= ok=1
Cmd: preprocess
  insize=1812 outsize=1056 ok=1
Cmd: compileSnippet
  api=4 type=0 insize=1058 outsize=1274 kw= ok=1
Cmd: compileSnippet
  api=4 type=1 insize=1058 outsize=908 kw= ok=1
Cmd: preprocess
  insize=1413 outsize=316 ok=1
Cmd: compileSnippet
  api=4 type=0 insize=1402 outsize=1558 kw= ok=1
Cmd: compileSnippet
  api=4 type=1 insize=1402 outsize=1940 kw= ok=1
Cmd: preprocess
  insize=2280 outsize=1040 ok=1
Cmd: compileSnippet
  api=4 type=0 insize=946 outsize=1071 kw= ok=1
Cmd: compileSnippet
  api=4 type=1 insize=946 outsize=738 kw= ok=1
Cmd: compileSnippet
  api=4 type=0 insize=900 outsize=1071 kw= ok=1
Cmd: compileSnippet
  api=4 type=1 insize=900 outsize=600 kw= ok=1
Cmd: preprocess
  insize=5551 outsize=816 ok=1
Cmd: compileSnippet
  api=4 type=0 insize=4882 outsize=998 kw= ok=1
Cmd: compileSnippet
  api=4 type=1 insize=4882 outsize=1948 kw= ok=1
Cmd: compileSnippet
  api=4 type=0 insize=4888 outsize=998 kw= ok=1
Cmd: compileSnippet
  api=4 type=1 insize=4888 outsize=1680 kw= ok=1
Cmd: compileSnippet
  api=4 type=0 insize=4898 outsize=998 kw= ok=1
Cmd: compileSnippet
  api=4 type=1 insize=4898 outsize=6450 kw= ok=1
Cmd: preprocess
  insize=1143 outsize=513 ok=1
Cmd: compileSnippet
  api=4 type=0 insize=932 outsize=1128 kw= ok=1
Cmd: compileSnippet
  api=4 type=1 insize=932 outsize=1022 kw= ok=1
Cmd: preprocess
  insize=1292 outsize=411 ok=1
Cmd: compileSnippet
  api=4 type=0 insize=1186 outsize=1233 kw= ok=1
Cmd: compileSnippet
  api=4 type=1 insize=1186 outsize=1185 kw= ok=1
Cmd: preprocess
  insize=623 outsize=277 ok=1
Cmd: compileSnippet
  api=4 type=0 insize=648 outsize=827 kw= ok=1
Cmd: compileSnippet
  api=4 type=1 insize=648 outsize=437 kw= ok=1
Cmd: preprocess
  insize=780 outsize=337 ok=1
Cmd: compileSnippet
  api=4 type=0 insize=748 outsize=990 kw= ok=1
Cmd: compileSnippet
  api=4 type=1 insize=748 outsize=713 kw= ok=1
Cmd: preprocess
  insize=5533 outsize=943 ok=1
Cmd: compileSnippet
  api=4 type=0 insize=4602 outsize=1583 kw= ok=1
Cmd: compileSnippet
  api=4 type=1 insize=4602 outsize=1307 kw= ok=1
Cmd: compileSnippet
  api=4 type=0 insize=4607 outsize=1396 kw= ok=1
Cmd: compileSnippet
  api=4 type=1 insize=4607 outsize=1518 kw= ok=1
Cmd: compileSnippet
  api=4 type=0 insize=4608 outsize=1396 kw= ok=1
Cmd: compileSnippet
  api=4 type=1 insize=4608 outsize=1518 kw= ok=1
Cmd: compileSnippet
  api=4 type=0 insize=4612 outsize=1753 kw= ok=1
Cmd: compileSnippet
  api=4 type=1 insize=4612 outsize=1786 kw= ok=1
Cmd: compileSnippet
  api=4 type=0 insize=4613 outsize=1753 kw= ok=1
Cmd: compileSnippet
  api=4 type=1 insize=4613 outsize=1786 kw= ok=1
Cmd: preprocess
  insize=1808 outsize=713 ok=1
Cmd: compileSnippet
  api=4 type=0 insize=1397 outsize=1526 kw= ok=1
Cmd: compileSnippet
  api=4 type=1 insize=1397 outsize=1242 kw= ok=1
Cmd: compileSnippet
  api=4 type=0 insize=2438 outsize=4979 kw=SHADOWS_DEPTH ok=1
Cmd: compileSnippet
  api=4 type=1 insize=2438 outsize=868 kw=SHADOWS_DEPTH ok=1
Cmd: compileSnippet
  api=4 type=0 insize=5844 outsize=8968 kw=DIRECTIONAL SHADOWS_OFF LIGHTMAP_OFF DIRLIGHTMAP_OFF DYNAMICLIGHTMAP_OFF ok=1
Cmd: compileSnippet
  api=4 type=1 insize=5844 outsize=4215 kw=DIRECTIONAL SHADOWS_OFF LIGHTMAP_OFF DIRLIGHTMAP_OFF DYNAMICLIGHTMAP_OFF ok=1
Cmd: compileSnippet
  api=4 type=0 insize=6773 outsize=1298 kw=DIRECTIONAL ok=1
Cmd: compileSnippet
  api=4 type=1 insize=6773 outsize=3037 kw=DIRECTIONAL ok=1
Cmd: compileSnippet
  api=4 type=2 insize=6773 outsize=7750 kw=DIRECTIONAL ok=1
Cmd: compileSnippet
  api=4 type=3 insize=6773 outsize=6303 kw=DIRECTIONAL ok=1
Cmd: compileSnippet
  api=4 type=0 insize=1490 outsize=1274 kw=SOFTPARTICLES_OFF ok=1
Cmd: compileSnippet
  api=4 type=1 insize=1490 outsize=908 kw=SOFTPARTICLES_OFF ok=1
Cmd: compileSnippet
  api=4 type=0 insize=528 outsize=1290 kw=SHADOWS_DEPTH ok=1
Cmd: compileSnippet
  api=4 type=1 insize=528 outsize=437 kw=SHADOWS_DEPTH ok=1
Cmd: compileSnippet
  api=4 type=0 insize=5252 outsize=3785 kw=DIRECTIONAL SHADOWS_OFF LIGHTMAP_OFF DIRLIGHTMAP_OFF DYNAMICLIGHTMAP_OFF ok=1
Cmd: compileSnippet
  api=4 type=1 insize=5252 outsize=1485 kw=DIRECTIONAL SHADOWS_OFF LIGHTMAP_OFF DIRLIGHTMAP_OFF DYNAMICLIGHTMAP_OFF ok=1
Cmd: compileSnippet
  api=4 type=0 insize=2395 outsize=2737 kw=DIRECTIONAL ok=1
Cmd: compileSnippet
  api=4 type=1 insize=2395 outsize=1209 kw=DIRECTIONAL ok=1
Cmd: compileSnippet
  api=4 type=0 insize=975 outsize=990 kw= ok=1
Cmd: compileSnippet
  api=4 type=1 insize=975 outsize=1055 kw= ok=1
Cmd: compileSnippet
  api=4 type=0 insize=971 outsize=990 kw= ok=1
Cmd: compileSnippet
  api=4 type=1 insize=971 outsize=1055 kw= ok=1
Cmd: compileSnippet
  api=4 type=0 insize=972 outsize=990 kw= ok=1
Cmd: compileSnippet
  api=4 type=1 insize=972 outsize=1055 kw= ok=1
Cmd: compileSnippet
  api=4 type=0 insize=976 outsize=990 kw= ok=1
Cmd: compileSnippet
  api=4 type=1 insize=976 outsize=1055 kw= ok=1
Cmd: compileSnippet
  api=4 type=0 insize=964 outsize=990 kw= ok=1
Cmd: compileSnippet
  api=4 type=1 insize=964 outsize=1055 kw= ok=1
Cmd: compileSnippet
  api=4 type=0 insize=972 outsize=990 kw= ok=1
Cmd: compileSnippet
  api=4 type=1 insize=972 outsize=1055 kw= ok=1
Cmd: compileSnippet
  api=4 type=0 insize=6596 outsize=4995 kw=DIRECTIONAL SHADOWS_OFF LIGHTMAP_OFF DIRLIGHTMAP_OFF DYNAMICLIGHTMAP_OFF ok=1
Cmd: compileSnippet
  api=4 type=1 insize=6596 outsize=3313 kw=DIRECTIONAL SHADOWS_OFF LIGHTMAP_OFF DIRLIGHTMAP_OFF DYNAMICLIGHTMAP_OFF ok=1
Cmd: compileSnippet
  api=4 type=0 insize=3552 outsize=3988 kw=DIRECTIONAL ok=1
Cmd: compileSnippet
  api=4 type=1 insize=3552 outsize=2997 kw=DIRECTIONAL ok=1
Cmd: compileSnippet
  api=4 type=0 insize=6608 outsize=1298 kw=DIRECTIONAL ok=1
Cmd: compileSnippet
  api=4 type=1 insize=6608 outsize=3037 kw=DIRECTIONAL ok=1
Cmd: compileSnippet
  api=4 type=2 insize=6608 outsize=7815 kw=DIRECTIONAL ok=1
Cmd: compileSnippet
  api=4 type=3 insize=6608 outsize=5337 kw=DIRECTIONAL ok=1
Cmd: compileSnippet
  api=4 type=0 insize=2170 outsize=3898 kw=SHADOWS_DEPTH ok=1
Cmd: compileSnippet
  api=4 type=1 insize=2170 outsize=437 kw=SHADOWS_DEPTH ok=1
Cmd: compileSnippet
  api=4 type=0 insize=5889 outsize=7530 kw=DIRECTIONAL SHADOWS_OFF LIGHTMAP_OFF DIRLIGHTMAP_OFF DYNAMICLIGHTMAP_OFF ok=1
Cmd: compileSnippet
  api=4 type=1 insize=5889 outsize=3582 kw=DIRECTIONAL SHADOWS_OFF LIGHTMAP_OFF DIRLIGHTMAP_OFF DYNAMICLIGHTMAP_OFF ok=1
Cmd: compileSnippet
  api=4 type=0 insize=1130 outsize=4979 kw=SHADOWS_DEPTH ok=1
Cmd: compileSnippet
  api=4 type=1 insize=1130 outsize=868 kw=SHADOWS_DEPTH ok=1
Cmd: compileSnippet
  api=4 type=0 insize=5873 outsize=8968 kw=DIRECTIONAL SHADOWS_OFF LIGHTMAP_OFF DIRLIGHTMAP_OFF DYNAMICLIGHTMAP_OFF ok=1
Cmd: compileSnippet
  api=4 type=1 insize=5873 outsize=4142 kw=DIRECTIONAL SHADOWS_OFF LIGHTMAP_OFF DIRLIGHTMAP_OFF DYNAMICLIGHTMAP_OFF ok=1
Cmd: compileSnippet
  api=4 type=0 insize=3775 outsize=6661 kw=DIRECTIONAL ok=1
Cmd: compileSnippet
  api=4 type=1 insize=3775 outsize=3322 kw=DIRECTIONAL ok=1
Cmd: compileSnippet
  api=4 type=0 insize=966 outsize=1225 kw=SHADOWS_DEPTH ok=1
Cmd: compileSnippet
  api=4 type=1 insize=966 outsize=437 kw=SHADOWS_DEPTH ok=1
Cmd: compileSnippet
  api=4 type=0 insize=1210 outsize=3452 kw=DIRECTIONAL SHADOWS_OFF LIGHTMAP_OFF DIRLIGHTMAP_OFF DYNAMICLIGHTMAP_OFF ok=1
Cmd: compileSnippet
  api=4 type=1 insize=1210 outsize=8481 kw=DIRECTIONAL SHADOWS_OFF LIGHTMAP_OFF DIRLIGHTMAP_OFF DYNAMICLIGHTMAP_OFF ok=1
Cmd: compileSnippet
  api=4 type=0 insize=1122 outsize=3598 kw=DIRECTIONAL SHADOWS_OFF ok=1
Cmd: compileSnippet
  api=4 type=1 insize=1122 outsize=5361 kw=DIRECTIONAL SHADOWS_OFF ok=1
Cmd: compileSnippet
  api=4 type=0 insize=1001 outsize=2306 kw=SHADOWS_DEPTH ok=1
Cmd: compileSnippet
  api=4 type=1 insize=1001 outsize=868 kw=SHADOWS_DEPTH ok=1
Cmd: compileSnippet
  api=4 type=0 insize=613 outsize=4126 kw= ok=1
Cmd: compileSnippet
  api=4 type=1 insize=613 outsize=1038 kw= ok=1
Cmd: compileSnippet
  api=4 type=0 insize=3021 outsize=2737 kw=DIRECTIONAL ok=1
Cmd: compileSnippet
  api=4 type=1 insize=3021 outsize=1355 kw=DIRECTIONAL ok=1
Cmd: compileSnippet
  api=4 type=0 insize=1517 outsize=1274 kw=SOFTPARTICLES_OFF ok=1
Cmd: compileSnippet
  api=4 type=1 insize=1517 outsize=852 kw=SOFTPARTICLES_OFF ok=1
Cmd: compileSnippet
  api=4 type=0 insize=1493 outsize=1274 kw=SOFTPARTICLES_OFF ok=1
Cmd: compileSnippet
  api=4 type=1 insize=1493 outsize=908 kw=SOFTPARTICLES_OFF ok=1
Cmd: compileSnippet
  api=4 type=0 insize=5184 outsize=3785 kw=DIRECTIONAL LIGHTMAP_OFF DIRLIGHTMAP_OFF DYNAMICLIGHTMAP_OFF ok=1
Cmd: compileSnippet
  api=4 type=1 insize=5184 outsize=1404 kw=DIRECTIONAL LIGHTMAP_OFF DIRLIGHTMAP_OFF DYNAMICLIGHTMAP_OFF ok=1
Cmd: compileSnippet
  api=4 type=0 insize=2328 outsize=2737 kw=DIRECTIONAL ok=1
Cmd: compileSnippet
  api=4 type=1 insize=2328 outsize=1209 kw=DIRECTIONAL ok=1
Cmd: compileSnippet
  api=4 type=0 insize=966 outsize=1274 kw= ok=1
Cmd: compileSnippet
  api=4 type=1 insize=966 outsize=795 kw= ok=1
Cmd: compileSnippet
  api=4 type=0 insize=1618 outsize=1274 kw=SOFTPARTICLES_OFF ok=1
Cmd: compileSnippet
  api=4 type=1 insize=1618 outsize=1095 kw=SOFTPARTICLES_OFF ok=1
Cmd: compileSnippet
  api=4 type=0 insize=791 outsize=2078 kw=SHADOWS_DEPTH ok=1
Cmd: compileSnippet
  api=4 type=1 insize=791 outsize=437 kw=SHADOWS_DEPTH ok=1
Cmd: compileSnippet
  api=4 type=0 insize=563 outsize=4093 kw= ok=1
Cmd: compileSnippet
  api=4 type=1 insize=563 outsize=852 kw= ok=1
Cmd: compileSnippet
  api=4 type=0 insize=2095 outsize=3898 kw=SHADOWS_DEPTH ok=1
Cmd: compileSnippet
  api=4 type=1 insize=2095 outsize=437 kw=SHADOWS_DEPTH ok=1
Cmd: compileSnippet
  api=4 type=0 insize=5814 outsize=7530 kw=DIRECTIONAL SHADOWS_OFF LIGHTMAP_OFF DIRLIGHTMAP_OFF DYNAMICLIGHTMAP_OFF ok=1
Cmd: compileSnippet
  api=4 type=1 insize=5814 outsize=3525 kw=DIRECTIONAL SHADOWS_OFF LIGHTMAP_OFF DIRLIGHTMAP_OFF DYNAMICLIGHTMAP_OFF ok=1
Cmd: compileSnippet
  api=4 type=0 insize=3700 outsize=6661 kw=DIRECTIONAL ok=1
Cmd: compileSnippet
  api=4 type=1 insize=3700 outsize=3265 kw=DIRECTIONAL ok=1
Cmd: compileSnippet
  api=4 type=0 insize=1683 outsize=1469 kw= ok=1
Cmd: compileSnippet
  api=4 type=1 insize=1683 outsize=3021 kw= ok=1
Cmd: compileSnippet
  api=4 type=0 insize=5252 outsize=4175 kw=DIRECTIONAL SHADOWS_SCREEN LIGHTMAP_OFF DIRLIGHTMAP_OFF DYNAMICLIGHTMAP_OFF ok=1
Cmd: compileSnippet
  api=4 type=1 insize=5252 outsize=1745 kw=DIRECTIONAL SHADOWS_SCREEN LIGHTMAP_OFF DIRLIGHTMAP_OFF DYNAMICLIGHTMAP_OFF ok=1
Cmd: compileSnippet
  api=4 type=0 insize=2503 outsize=4581 kw=SHADOWS_DEPTH ok=1
Cmd: compileSnippet
  api=4 type=1 insize=2503 outsize=965 kw=SHADOWS_DEPTH ok=1
Cmd: compileSnippet
  api=4 type=0 insize=2049 outsize=4264 kw=SHADOWS_DEPTH ok=1
Cmd: compileSnippet
  api=4 type=1 insize=2049 outsize=965 kw=SHADOWS_DEPTH ok=1
Cmd: compileSnippet
  api=4 type=0 insize=1702 outsize=3663 kw= ok=1
Cmd: compileSnippet
  api=4 type=1 insize=1702 outsize=2355 kw= ok=1
Cmd: compileSnippet
  api=4 type=0 insize=2426 outsize=5881 kw= ok=1
Cmd: compileSnippet
  api=4 type=1 insize=2426 outsize=2842 kw= ok=1
Cmd: compileSnippet
  api=4 type=0 insize=13919 outsize=4215 kw=DIRECTIONAL SHADOWS_OFF LIGHTMAP_OFF DIRLIGHTMAP_OFF DYNAMICLIGHTMAP_OFF ok=1
Cmd: compileSnippet
  api=4 type=1 insize=13919 outsize=2233 kw=DIRECTIONAL SHADOWS_OFF LIGHTMAP_OFF DIRLIGHTMAP_OFF DYNAMICLIGHTMAP_OFF ok=1
Cmd: compileSnippet
  api=4 type=0 insize=9171 outsize=3305 kw=POINT ok=1
Cmd: compileSnippet
  api=4 type=1 insize=9171 outsize=2810 kw=POINT ok=1
Cmd: compileSnippet
  api=4 type=0 insize=1122 outsize=4288 kw=POINT SHADOWS_OFF ok=1
Cmd: compileSnippet
  api=4 type=1 insize=1122 outsize=5889 kw=POINT SHADOWS_OFF ok=1
Cmd: compileSnippet
  api=4 type=0 insize=913 outsize=2249 kw= ok=1
Cmd: compileSnippet
  api=4 type=1 insize=913 outsize=876 kw= ok=1
Cmd: compileSnippet
  api=4 type=0 insize=5873 outsize=10382 kw=DIRECTIONAL SHADOWS_OFF LIGHTMAP_OFF DIRLIGHTMAP_OFF DYNAMICLIGHTMAP_OFF VERTEXLIGHT_ON ok=1
Cmd: compileSnippet
  api=4 type=0 insize=3775 outsize=6661 kw=POINT ok=1
Cmd: compileSnippet
  api=4 type=1 insize=3775 outsize=4069 kw=POINT ok=1
Cmd: compileSnippet
  api=4 type=0 insize=3775 outsize=6661 kw=SPOT ok=1
Cmd: compileSnippet
  api=4 type=1 insize=3775 outsize=4508 kw=SPOT ok=1
Cmd: compileSnippet
  api=4 type=0 insize=2395 outsize=2737 kw=POINT ok=1
Cmd: compileSnippet
  api=4 type=1 insize=2395 outsize=1932 kw=POINT ok=1
Cmd: compileSnippet
  api=4 type=0 insize=2328 outsize=2737 kw=POINT ok=1
Cmd: compileSnippet
  api=4 type=1 insize=2328 outsize=1932 kw=POINT ok=1
Cmd: compileSnippet
  api=4 type=0 insize=2395 outsize=2737 kw=SPOT ok=1
Cmd: compileSnippet
  api=4 type=1 insize=2395 outsize=2428 kw=SPOT ok=1
Cmd: compileSnippet
  api=4 type=0 insize=13919 outsize=4240 kw=DIRECTIONAL SHADOWS_OFF LIGHTMAP_OFF DIRLIGHTMAP_OFF DYNAMICLIGHTMAP_OFF DYNAMICLIGHTMAP_ON ok=1
Cmd: compileSnippet
  api=4 type=1 insize=13919 outsize=2858 kw=DIRECTIONAL SHADOWS_OFF LIGHTMAP_OFF DIRLIGHTMAP_OFF DYNAMICLIGHTMAP_OFF DYNAMICLIGHTMAP_ON ok=1
Cmd: compileSnippet
  api=4 type=0 insize=9171 outsize=3330 kw=POINT DYNAMICLIGHTMAP_ON ok=1
Cmd: compileSnippet
  api=4 type=1 insize=9171 outsize=3435 kw=POINT DYNAMICLIGHTMAP_ON ok=1
